0 info it worked if it ends with ok
1 verbose cli [ 'c:\\Program Files (x86)\\nodejs\\node.exe',
1 verbose cli   'c:\\Program Files (x86)\\nodejs\\node_modules\\npm\\bin\\npm-cli.js',
1 verbose cli   '--save',
1 verbose cli   'install',
1 verbose cli   'animate.less' ]
2 info using npm@1.4.9
3 info using node@v0.10.28
4 verbose cache add [ 'animate.less', null ]
5 verbose cache add name=undefined spec="animate.less" args=["animate.less",null]
6 verbose parsed url { protocol: null,
6 verbose parsed url   slashes: null,
6 verbose parsed url   auth: null,
6 verbose parsed url   host: null,
6 verbose parsed url   port: null,
6 verbose parsed url   hostname: null,
6 verbose parsed url   hash: null,
6 verbose parsed url   search: null,
6 verbose parsed url   query: null,
6 verbose parsed url   pathname: 'animate.less',
6 verbose parsed url   path: 'animate.less',
6 verbose parsed url   href: 'animate.less' }
7 silly lockFile 34c88929-animate-less animate.less
8 verbose lock animate.less C:\Users\jirc\AppData\Roaming\npm-cache\34c88929-animate-less.lock
9 silly lockFile 34c88929-animate-less animate.less
10 silly lockFile 34c88929-animate-less animate.less
11 verbose addNamed [ 'animate.less', '' ]
12 verbose addNamed [ null, '*' ]
13 silly lockFile e732619f-animate-less animate.less@
14 verbose lock animate.less@ C:\Users\jirc\AppData\Roaming\npm-cache\e732619f-animate-less.lock
15 silly addNameRange { name: 'animate.less', range: '*', hasData: false }
16 verbose url raw animate.less
17 verbose url resolving [ 'https://registry.npmjs.org/', './animate.less' ]
18 verbose url resolved https://registry.npmjs.org/animate.less
19 info trying registry request attempt 1 at 00:15:09
20 http GET https://registry.npmjs.org/animate.less
21 http 404 https://registry.npmjs.org/animate.less
22 verbose headers { date: 'Mon, 23 Mar 2015 04:45:21 GMT',
22 verbose headers   server: 'CouchDB/1.5.0 (Erlang OTP/R16B03)',
22 verbose headers   'content-type': 'application/json',
22 verbose headers   'cache-control': 'max-age=0',
22 verbose headers   'content-length': '51',
22 verbose headers   'accept-ranges': 'bytes',
22 verbose headers   via: '1.1 varnish',
22 verbose headers   age: '0',
22 verbose headers   'x-served-by': 'cache-jfk1026-JFK',
22 verbose headers   'x-cache': 'MISS',
22 verbose headers   'x-cache-hits': '0',
22 verbose headers   'x-timer': 'S1427085921.321264,VS0,VE83',
22 verbose headers   'keep-alive': 'timeout=10, max=50',
22 verbose headers   connection: 'Keep-Alive' }
23 silly registry.get cb [ 404,
23 silly registry.get   { date: 'Mon, 23 Mar 2015 04:45:21 GMT',
23 silly registry.get     server: 'CouchDB/1.5.0 (Erlang OTP/R16B03)',
23 silly registry.get     'content-type': 'application/json',
23 silly registry.get     'cache-control': 'max-age=0',
23 silly registry.get     'content-length': '51',
23 silly registry.get     'accept-ranges': 'bytes',
23 silly registry.get     via: '1.1 varnish',
23 silly registry.get     age: '0',
23 silly registry.get     'x-served-by': 'cache-jfk1026-JFK',
23 silly registry.get     'x-cache': 'MISS',
23 silly registry.get     'x-cache-hits': '0',
23 silly registry.get     'x-timer': 'S1427085921.321264,VS0,VE83',
23 silly registry.get     'keep-alive': 'timeout=10, max=50',
23 silly registry.get     connection: 'Keep-Alive' } ]
24 silly lockFile e732619f-animate-less animate.less@
25 silly lockFile e732619f-animate-less animate.less@
26 error 404 404 Not Found: animate.less
26 error 404
26 error 404 'animate.less' is not in the npm registry.
26 error 404 You should bug the author to publish it
26 error 404
26 error 404 Note that you can also install from a
26 error 404 tarball, folder, or http url, or git url.
27 error System Windows_NT 6.1.7601
28 error command "c:\\Program Files (x86)\\nodejs\\node.exe" "c:\\Program Files (x86)\\nodejs\\node_modules\\npm\\bin\\npm-cli.js" "--save" "install" "animate.less"
29 error cwd f:\Programacion\Sistemas\junquitoenlinea\junquitoEnLinea\Framework
30 error node -v v0.10.28
31 error npm -v 1.4.9
32 error code E404
33 verbose exit [ 1, true ]
